feature/featureInsights/build/intermediates/manifest_merge_blame_file/release/processReleaseManifest/manifest-merger-blame-release-report.txt
1<?xml version="1.0" encoding="utf-8"?>
2<manifest xmlns:android="http://schemas.android.com/apk/res/android"
3    package="com.jian.tracemind.feature.insights" >
4
5    <uses-sdk android:minSdkVersion="35" />
5-->INJECTED
5-->INJECTED
6
7</manifest>